<?xml version="1.0" encoding="UTF-8"?>
<testsuite xmlns:xsi="http://www.w3.org/2001/XMLSchema-instance" xsi:noNamespaceSchemaLocation="https://maven.apache.org/surefire/maven-surefire-plugin/xsd/surefire-test-report-3.0.xsd" version="3.0" name="com.java.IdentityServiceApplicationTests" time="9.363" tests="1" errors="0" skipped="0" failures="0">
  <properties>
[...]
</properties>
  <testcase name="contextLoads" classname="com.java.IdentityServiceApplicationTests" time="0.731">
    <system-out><![CDATA[12:42:44.906 [main] INFO org.springframework.test.context.support.AnnotationConfigContextLoaderUtils -- Could not detect default configuration classes for test class [com.java.IdentityServiceApplicationTests]: IdentityServiceApplicationTests does not declare any static, non-private, non-final, nested classes annotated with @Configuration.
12:42:45.035 [main] INFO org.springframework.boot.test.context.SpringBootTestContextBootstrapper -- Found @SpringBootConfiguration com.java.IdentityServiceApplication for test class com.java.IdentityServiceApplicationTests

  .   ____          _            __ _ _
 /\\ / ___'_ __ _ _(_)_ __  __ _ \ \ \ \
( ( )\___ | '_ | '_| | '_ \/ _` | \ \ \ \
 \\/  ___)| |_)| | | | | || (_| |  ) ) ) )
  '  |____| .__|_| |_|_| |_\__, | / / / /
 =========|_|==============|___/=/_/_/_/
 :: Spring Boot ::                (v3.1.5)

2024-01-15T12:42:46.210-05:00  INFO 13808 --- [           main] c.java.IdentityServiceApplicationTests   : Starting IdentityServiceApplicationTests using Java 21.0.1 with PID 13808 (started by Developer in D:\booking_system\identity-service)
2024-01-15T12:42:46.213-05:00  INFO 13808 --- [           main] c.java.IdentityServiceApplicationTests   : No active profile set, falling back to 1 default profile: "default"
2024-01-15T12:42:46.247-05:00  INFO 13808 --- [           main] o.s.c.c.c.ConfigServerConfigDataLoader   : Fetching config from server at : http://localhost:8088
2024-01-15T12:42:46.247-05:00  INFO 13808 --- [           main] o.s.c.c.c.ConfigServerConfigDataLoader   : Located environment: name=IDENTITY-SERVICE, profiles=[default], label=null, version=null, state=null
2024-01-15T12:42:47.407-05:00  INFO 13808 --- [           main] .s.d.r.c.RepositoryConfigurationDelegate : Bootstrapping Spring Data JPA repositories in DEFAULT mode.
2024-01-15T12:42:47.542-05:00  INFO 13808 --- [           main] .s.d.r.c.RepositoryConfigurationDelegate : Finished Spring Data repository scanning in 128 ms. Found 1 JPA repository interfaces.
2024-01-15T12:42:47.928-05:00  INFO 13808 --- [           main] o.s.cloud.context.scope.GenericScope     : BeanFactory id=41e1981a-a20e-3a60-b011-8a72bad7b25d
2024-01-15T12:42:48.441-05:00  INFO 13808 --- [           main] o.hibernate.jpa.internal.util.LogHelper  : HHH000204: Processing PersistenceUnitInfo [name: default]
2024-01-15T12:42:48.528-05:00  INFO 13808 --- [           main] org.hibernate.Version                    : HHH000412: Hibernate ORM core version 6.2.13.Final
2024-01-15T12:42:48.541-05:00  INFO 13808 --- [           main] org.hibernate.cfg.Environment            : HHH000406: Using bytecode reflection optimizer
2024-01-15T12:42:48.966-05:00  INFO 13808 --- [           main] o.s.o.j.p.SpringPersistenceUnitInfo      : No LoadTimeWeaver setup: ignoring JPA class transformer
2024-01-15T12:42:49.009-05:00  INFO 13808 --- [           main] com.zaxxer.hikari.HikariDataSource       : HikariPool-1 - Starting...
2024-01-15T12:42:49.176-05:00  INFO 13808 --- [           main] com.zaxxer.hikari.pool.HikariPool        : HikariPool-1 - Added connection com.mysql.cj.jdbc.ConnectionImpl@6212ea52
2024-01-15T12:42:49.179-05:00  INFO 13808 --- [           main] com.zaxxer.hikari.HikariDataSource       : HikariPool-1 - Start completed.
2024-01-15T12:42:49.206-05:00  WARN 13808 --- [           main] org.hibernate.orm.deprecation            : HHH90000025: MySQL8Dialect does not need to be specified explicitly using 'hibernate.dialect' (remove the property setting and it will be selected by default)
2024-01-15T12:42:49.207-05:00  WARN 13808 --- [           main] org.hibernate.orm.deprecation            : HHH90000026: MySQL8Dialect has been deprecated; use org.hibernate.dialect.MySQLDialect instead
2024-01-15T12:42:50.109-05:00  INFO 13808 --- [           main] o.h.e.t.j.p.i.JtaPlatformInitiator       : HHH000489: No JTA platform available (set 'hibernate.transaction.jta.platform' to enable JTA platform integration)
2024-01-15T12:42:50.184-05:00  INFO 13808 --- [           main] j.LocalContainerEntityManagerFactoryBean : Initialized JPA EntityManagerFactory for persistence unit 'default'
2024-01-15T12:42:50.998-05:00  WARN 13808 --- [           main] JpaBaseConfiguration$JpaWebConfiguration : spring.jpa.open-in-view is enabled by default. Therefore, database queries may be performed during view rendering. Explicitly configure spring.jpa.open-in-view to disable this warning
2024-01-15T12:42:51.270-05:00  INFO 13808 --- [           main] o.s.s.web.DefaultSecurityFilterChain     : Will secure any request with [org.springframework.security.web.session.DisableEncodeUrlFilter@11703cc8, org.springframework.security.web.context.request.async.WebAsyncManagerIntegrationFilter@6fc84468, org.springframework.security.web.context.SecurityContextHolderFilter@2e268c19, org.springframework.security.web.header.HeaderWriterFilter@763a72da, org.springframework.security.web.authentication.logout.LogoutFilter@124b8fe9, org.springframework.security.web.savedrequest.RequestCacheAwareFilter@42c9c0a1, org.springframework.security.web.servletapi.SecurityContextHolderAwareRequestFilter@47bae235, org.springframework.security.web.authentication.AnonymousAuthenticationFilter@2f6ede9, org.springframework.security.web.access.ExceptionTranslationFilter@2605433, org.springframework.security.web.access.intercept.AuthorizationFilter@47a72c32]
2024-01-15T12:42:52.345-05:00  INFO 13808 --- [           main] DiscoveryClientOptionalArgsConfiguration : Eureka HTTP Client uses RestTemplate.
2024-01-15T12:42:52.429-05:00  WARN 13808 --- [           main] iguration$LoadBalancerCaffeineWarnLogger : Spring Cloud LoadBalancer is currently working with the default cache. While this cache implementation is useful for development and tests, it's recommended to use Caffeine cache in production.You can switch to using Caffeine cache, by adding it and org.springframework.cache.caffeine.CaffeineCacheManager to the classpath.
2024-01-15T12:42:52.442-05:00  INFO 13808 --- [           main] o.s.b.a.e.web.EndpointLinksResolver      : Exposing 1 endpoint(s) beneath base path '/actuator'
2024-01-15T12:42:52.552-05:00  INFO 13808 --- [           main] o.s.c.n.eureka.InstanceInfoFactory       : Setting initial instance status as: STARTING
2024-01-15T12:42:52.750-05:00  INFO 13808 --- [           main] com.netflix.discovery.DiscoveryClient    : Initializing Eureka in region us-east-1
2024-01-15T12:42:52.757-05:00  INFO 13808 --- [           main] c.n.d.s.r.aws.ConfigClusterResolver      : Resolving eureka endpoints via configuration
2024-01-15T12:42:52.789-05:00  INFO 13808 --- [           main] com.netflix.discovery.DiscoveryClient    : Disable delta property : false
2024-01-15T12:42:52.789-05:00  INFO 13808 --- [           main] com.netflix.discovery.DiscoveryClient    : Single vip registry refresh property : null
2024-01-15T12:42:52.789-05:00  INFO 13808 --- [           main] com.netflix.discovery.DiscoveryClient    : Force full registry fetch : false
2024-01-15T12:42:52.789-05:00  INFO 13808 --- [           main] com.netflix.discovery.DiscoveryClient    : Application is null : false
2024-01-15T12:42:52.789-05:00  INFO 13808 --- [           main] com.netflix.discovery.DiscoveryClient    : Registered Applications size is zero : true
2024-01-15T12:42:52.789-05:00  INFO 13808 --- [           main] com.netflix.discovery.DiscoveryClient    : Application version is -1: true
2024-01-15T12:42:52.789-05:00  INFO 13808 --- [           main] com.netflix.discovery.DiscoveryClient    : Getting all instance registry info from the eureka server
2024-01-15T12:42:53.237-05:00  INFO 13808 --- [           main] com.netflix.discovery.DiscoveryClient    : The response status is 200
2024-01-15T12:42:53.240-05:00  INFO 13808 --- [           main] com.netflix.discovery.DiscoveryClient    : Starting heartbeat executor: renew interval is: 30
2024-01-15T12:42:53.243-05:00  INFO 13808 --- [           main] c.n.discovery.InstanceInfoReplicator     : InstanceInfoReplicator onDemand update allowed rate per min is 4
2024-01-15T12:42:53.247-05:00  INFO 13808 --- [           main] com.netflix.discovery.DiscoveryClient    : Discovery Client initialized at timestamp 1705340573247 with initial instances count: 2
2024-01-15T12:42:53.250-05:00  INFO 13808 --- [           main] o.s.c.n.e.s.EurekaServiceRegistry        : Registering application IDENTITY-SERVICE with eureka with status UP
2024-01-15T12:42:53.250-05:00  INFO 13808 --- [           main] com.netflix.discovery.DiscoveryClient    : Saw local status change event StatusChangeEvent [timestamp=1705340573250, current=UP, previous=STARTING]
2024-01-15T12:42:53.252-05:00  INFO 13808 --- [nfoReplicator-0] com.netflix.discovery.DiscoveryClient    : DiscoveryClient_IDENTITY-SERVICE/DEV_Deepak_Sharma_New:IDENTITY-SERVICE:8083: registering service...
2024-01-15T12:42:53.269-05:00  INFO 13808 --- [           main] c.java.IdentityServiceApplicationTests   : Started IdentityServiceApplicationTests in 8.037 seconds (process running for 9.379)
2024-01-15T12:42:53.348-05:00  INFO 13808 --- [nfoReplicator-0] com.netflix.discovery.DiscoveryClient    : DiscoveryClient_IDENTITY-SERVICE/DEV_Deepak_Sharma_New:IDENTITY-SERVICE:8083 - registration status: 204
]]></system-out>
    <system-err><![CDATA[WARNING: A Java agent has been loaded dynamically (C:\Users\Developer\.m2\repository\net\bytebuddy\byte-buddy-agent\1.14.9\byte-buddy-agent-1.14.9.jar)
WARNING: If a serviceability tool is in use, please run with -XX:+EnableDynamicAgentLoading to hide this warning
WARNING: If a serviceability tool is not in use, please run with -Djdk.instrument.traceUsage for more information
WARNING: Dynamic loading of agents will be disallowed by default in a future release
]]></system-err>
  </testcase>
</testsuite>