<?xml version="1.0" encoding="UTF-8"?>
<testsuite xmlns:xsi="http://www.w3.org/2001/XMLSchema-instance" xsi:noNamespaceSchemaLocation="https://maven.apache.org/surefire/maven-surefire-plugin/xsd/surefire-test-report-3.0.xsd" version="3.0" name="com.customer.paymentservice.PaymentServiceApplicationTests" time="10.266" tests="1" errors="0" skipped="0" failures="0">
  <properties>
[...]
</properties>
  <testcase name="contextLoads" classname="com.customer.paymentservice.PaymentServiceApplicationTests" time="0.262">
    <system-out><![CDATA[16:52:50.552 [main] INFO org.springframework.test.context.support.AnnotationConfigContextLoaderUtils -- Could not detect default configuration classes for test class [com.customer.paymentservice.PaymentServiceApplicationTests]: PaymentServiceApplicationTests does not declare any static, non-private, non-final, nested classes annotated with @Configuration.
16:52:50.659 [main] INFO org.springframework.boot.test.context.SpringBootTestContextBootstrapper -- Found @SpringBootConfiguration com.customer.paymentservice.PaymentServiceApplication for test class com.customer.paymentservice.PaymentServiceApplicationTests

  .   ____          _            __ _ _
 /\\ / ___'_ __ _ _(_)_ __  __ _ \ \ \ \
( ( )\___ | '_ | '_| | '_ \/ _` | \ \ \ \
 \\/  ___)| |_)| | | | | || (_| |  ) ) ) )
  '  |____| .__|_| |_|_| |_\__, | / / / /
 =========|_|==============|___/=/_/_/_/
 :: Spring Boot ::                (v3.1.5)

2024-01-16T16:52:51.917-05:00  INFO 15476 --- [           main] c.c.p.PaymentServiceApplicationTests     : Starting PaymentServiceApplicationTests using Java 21.0.1 with PID 15476 (started by Developer in D:\booking_system\paymentservice)
2024-01-16T16:52:51.918-05:00  INFO 15476 --- [           main] c.c.p.PaymentServiceApplicationTests     : No active profile set, falling back to 1 default profile: "default"
2024-01-16T16:52:51.961-05:00  INFO 15476 --- [           main] o.s.c.c.c.ConfigServerConfigDataLoader   : Fetching config from server at : http://localhost:8088
2024-01-16T16:52:51.961-05:00  INFO 15476 --- [           main] o.s.c.c.c.ConfigServerConfigDataLoader   : Located environment: name=paymentservice, profiles=[default], label=null, version=null, state=null
2024-01-16T16:52:51.961-05:00  INFO 15476 --- [           main] o.s.c.c.c.ConfigServerConfigDataLoader   : Fetching config from server at : http://localhost:8088
2024-01-16T16:52:51.961-05:00  INFO 15476 --- [           main] o.s.c.c.c.ConfigServerConfigDataLoader   : Located environment: name=paymentservice, profiles=[default], label=null, version=null, state=null
2024-01-16T16:52:51.961-05:00  INFO 15476 --- [           main] o.s.c.c.c.ConfigServerConfigDataLoader   : Fetching config from server at : http://localhost:8088
2024-01-16T16:52:51.962-05:00  INFO 15476 --- [           main] o.s.c.c.c.ConfigServerConfigDataLoader   : Located environment: name=paymentservice, profiles=[default], label=null, version=null, state=null
2024-01-16T16:52:53.211-05:00  INFO 15476 --- [           main] .s.d.r.c.RepositoryConfigurationDelegate : Bootstrapping Spring Data JPA repositories in DEFAULT mode.
2024-01-16T16:52:53.330-05:00  INFO 15476 --- [           main] .s.d.r.c.RepositoryConfigurationDelegate : Finished Spring Data repository scanning in 114 ms. Found 1 JPA repository interfaces.
2024-01-16T16:52:53.646-05:00  INFO 15476 --- [           main] o.s.cloud.context.scope.GenericScope     : BeanFactory id=3bb1e31f-8e9d-3511-9720-694d5bf68829
2024-01-16T16:52:54.054-05:00  INFO 15476 --- [           main] o.hibernate.jpa.internal.util.LogHelper  : HHH000204: Processing PersistenceUnitInfo [name: default]
2024-01-16T16:52:54.144-05:00  INFO 15476 --- [           main] org.hibernate.Version                    : HHH000412: Hibernate ORM core version 6.2.13.Final
2024-01-16T16:52:54.146-05:00  INFO 15476 --- [           main] org.hibernate.cfg.Environment            : HHH000406: Using bytecode reflection optimizer
2024-01-16T16:52:54.554-05:00  INFO 15476 --- [           main] o.s.o.j.p.SpringPersistenceUnitInfo      : No LoadTimeWeaver setup: ignoring JPA class transformer
2024-01-16T16:52:54.585-05:00  INFO 15476 --- [           main] com.zaxxer.hikari.HikariDataSource       : HikariPool-1 - Starting...
2024-01-16T16:52:54.755-05:00  INFO 15476 --- [           main] com.zaxxer.hikari.pool.HikariPool        : HikariPool-1 - Added connection com.mysql.cj.jdbc.ConnectionImpl@626df173
2024-01-16T16:52:54.757-05:00  INFO 15476 --- [           main] com.zaxxer.hikari.HikariDataSource       : HikariPool-1 - Start completed.
2024-01-16T16:52:54.815-05:00  WARN 15476 --- [           main] org.hibernate.dialect.Dialect            : HHH000511: The 5.5.0 version for [org.hibernate.dialect.MySQLDialect] is no longer supported, hence certain features may not work properly. The minimum supported version is 5.7.0. Check the community dialects project for available legacy versions.
2024-01-16T16:52:55.977-05:00  INFO 15476 --- [           main] o.h.e.t.j.p.i.JtaPlatformInitiator       : HHH000489: No JTA platform available (set 'hibernate.transaction.jta.platform' to enable JTA platform integration)
2024-01-16T16:52:56.050-05:00  INFO 15476 --- [           main] j.LocalContainerEntityManagerFactoryBean : Initialized JPA EntityManagerFactory for persistence unit 'default'
2024-01-16T16:52:56.807-05:00  WARN 15476 --- [           main] JpaBaseConfiguration$JpaWebConfiguration : spring.jpa.open-in-view is enabled by default. Therefore, database queries may be performed during view rendering. Explicitly configure spring.jpa.open-in-view to disable this warning
2024-01-16T16:52:58.935-05:00  INFO 15476 --- [           main] DiscoveryClientOptionalArgsConfiguration : Eureka HTTP Client uses RestTemplate.
2024-01-16T16:52:59.114-05:00  WARN 15476 --- [           main] iguration$LoadBalancerCaffeineWarnLogger : Spring Cloud LoadBalancer is currently working with the default cache. While this cache implementation is useful for development and tests, it's recommended to use Caffeine cache in production.You can switch to using Caffeine cache, by adding it and org.springframework.cache.caffeine.CaffeineCacheManager to the classpath.
2024-01-16T16:52:59.154-05:00  INFO 15476 --- [           main] o.s.b.a.e.web.EndpointLinksResolver      : Exposing 1 endpoint(s) beneath base path '/actuator'
2024-01-16T16:52:59.346-05:00  INFO 15476 --- [           main] o.s.c.n.eureka.InstanceInfoFactory       : Setting initial instance status as: STARTING
2024-01-16T16:52:59.624-05:00  INFO 15476 --- [           main] com.netflix.discovery.DiscoveryClient    : Initializing Eureka in region us-east-1
2024-01-16T16:52:59.632-05:00  INFO 15476 --- [           main] c.n.d.s.r.aws.ConfigClusterResolver      : Resolving eureka endpoints via configuration
2024-01-16T16:52:59.689-05:00  INFO 15476 --- [           main] com.netflix.discovery.DiscoveryClient    : Disable delta property : false
2024-01-16T16:52:59.690-05:00  INFO 15476 --- [           main] com.netflix.discovery.DiscoveryClient    : Single vip registry refresh property : null
2024-01-16T16:52:59.690-05:00  INFO 15476 --- [           main] com.netflix.discovery.DiscoveryClient    : Force full registry fetch : false
2024-01-16T16:52:59.690-05:00  INFO 15476 --- [           main] com.netflix.discovery.DiscoveryClient    : Application is null : false
2024-01-16T16:52:59.691-05:00  INFO 15476 --- [           main] com.netflix.discovery.DiscoveryClient    : Registered Applications size is zero : true
2024-01-16T16:52:59.691-05:00  INFO 15476 --- [           main] com.netflix.discovery.DiscoveryClient    : Application version is -1: true
2024-01-16T16:52:59.692-05:00  INFO 15476 --- [           main] com.netflix.discovery.DiscoveryClient    : Getting all instance registry info from the eureka server
2024-01-16T16:53:00.289-05:00  INFO 15476 --- [           main] com.netflix.discovery.DiscoveryClient    : The response status is 200
2024-01-16T16:53:00.293-05:00  INFO 15476 --- [           main] com.netflix.discovery.DiscoveryClient    : Starting heartbeat executor: renew interval is: 30
2024-01-16T16:53:00.297-05:00  INFO 15476 --- [           main] c.n.discovery.InstanceInfoReplicator     : InstanceInfoReplicator onDemand update allowed rate per min is 4
2024-01-16T16:53:00.302-05:00  INFO 15476 --- [           main] com.netflix.discovery.DiscoveryClient    : Discovery Client initialized at timestamp 1705441980301 with initial instances count: 3
2024-01-16T16:53:00.307-05:00  INFO 15476 --- [           main] o.s.c.n.e.s.EurekaServiceRegistry        : Registering application PAYMENTSERVICE with eureka with status UP
2024-01-16T16:53:00.308-05:00  INFO 15476 --- [           main] com.netflix.discovery.DiscoveryClient    : Saw local status change event StatusChangeEvent [timestamp=1705441980308, current=UP, previous=STARTING]
2024-01-16T16:53:00.310-05:00  INFO 15476 --- [nfoReplicator-0] com.netflix.discovery.DiscoveryClient    : DiscoveryClient_PAYMENTSERVICE/host.docker.internal:paymentservice: registering service...
2024-01-16T16:53:00.337-05:00  INFO 15476 --- [           main] c.c.p.PaymentServiceApplicationTests     : Started PaymentServiceApplicationTests in 9.47 seconds (process running for 10.577)
2024-01-16T16:53:00.386-05:00  INFO 15476 --- [nfoReplicator-0] com.netflix.discovery.DiscoveryClient    : DiscoveryClient_PAYMENTSERVICE/host.docker.internal:paymentservice - registration status: 204
]]></system-out>
  </testcase>
</testsuite>